<?xml version="1.0" encoding="UTF-8"?>
<!-- Generated by org.testng.reporters.JUnitReportReporter -->
<testsuite skipped="0" hostname="KiranKumar" name="RestAssuredTests.Demo3_PUT_Request" tests="1" failures="0" timestamp="2020-02-05T13:30:47 CST" time="8.298" errors="0">
  <testcase name="testPUT" time="8.298" classname="RestAssuredTests.Demo3_PUT_Request"/>
  <system-out/>
</testsuite> <!-- RestAssuredTests.Demo3_PUT_Request -->
