<?xml version="1.0" encoding="UTF-8"?>
<!-- Generated by org.testng.reporters.JUnitReportReporter -->
<testsuite skipped="0" hostname="KiranKumar" name="RestAssuredTests.Demo1_GET_Request" tests="1" failures="0" timestamp="2020-02-05T12:18:01 CST" time="2.114" errors="0">
  <testcase name="getWeatherDetails" time="2.114" classname="RestAssuredTests.Demo1_GET_Request"/>
  <system-out/>
</testsuite> <!-- RestAssuredTests.Demo1_GET_Request -->
