<?xml version="1.0" encoding="UTF-8"?>
<!-- Generated by org.testng.reporters.JUnitReportReporter -->
<testsuite skipped="0" hostname="KiranKumar" name="RestAssuredTests.Demo2_POST_Request" tests="1" failures="0" timestamp="2020-02-05T12:53:41 CST" time="1.977" errors="0">
  <testcase name="testPost" time="1.977" classname="RestAssuredTests.Demo2_POST_Request"/>
  <system-out/>
</testsuite> <!-- RestAssuredTests.Demo2_POST_Request -->
